0 info it worked if it ends with ok
1 verbose cli [ '/usr/bin/nodejs',
1 verbose cli   '/usr/bin/npm',
1 verbose cli   'install',
1 verbose cli   'skycli/package.json' ]
2 info using npm@3.5.2
3 info using node@v4.2.6
4 silly loadCurrentTree Starting
5 silly install loadCurrentTree
6 silly install readLocalPackageData
7 silly fetchPackageMetaData skycli/package.json
8 silly fetchOtherPackageData skycli/package.json
9 silly cache add args [ 'skycli/package.json', null ]
10 verbose cache add spec skycli/package.json
11 silly cache add parsed spec Result {
11 silly cache add   raw: 'skycli/package.json',
11 silly cache add   scope: null,
11 silly cache add   name: null,
11 silly cache add   rawSpec: 'skycli/package.json',
11 silly cache add   spec: '/home/akash/Oursky/skycli/package.json',
11 silly cache add   type: 'local',
11 silly cache add   hosted:
11 silly cache add    { type: 'github',
11 silly cache add      ssh: 'git@github.com:skycli/package.json.git',
11 silly cache add      sshUrl: 'git+ssh://git@github.com/skycli/package.json.git',
11 silly cache add      httpsUrl: 'git+https://github.com/skycli/package.json.git',
11 silly cache add      gitUrl: 'git://github.com/skycli/package.json.git',
11 silly cache add      shortcut: 'github:skycli/package.json',
11 silly cache add      directUrl: 'https://raw.githubusercontent.com/skycli/package.json/master/package.json' } }
12 silly addLocalTarball shasum (computed) 9281ec04f1330e03363bd136b34a80d03ab7c34b
13 verbose addTmpTarball /home/akash/Oursky/skycli/package.json not in flight; adding
14 verbose addTmpTarball validating metadata from /home/akash/Oursky/skycli/package.json
15 verbose tar unpack /home/akash/Oursky/skycli/package.json
16 verbose tar unpacking to /tmp/npm-7037-7bab3d62/unpack-2d778fb9
17 silly gentlyRm /tmp/npm-7037-7bab3d62/unpack-2d778fb9 is being purged
18 verbose gentlyRm don't care about contents; nuking /tmp/npm-7037-7bab3d62/unpack-2d778fb9
19 silly gunzTarPerm modes [ '775', '664' ]
20 error not a package /home/akash/Oursky/skycli/package.json
21 error addLocal Could not install /home/akash/Oursky/skycli/package.json
22 silly fetchPackageMetaData Error: ENOENT: no such file or directory, open '/tmp/npm-7037-7bab3d62/unpack-2d778fb9/package.json'
22 silly fetchPackageMetaData     at Error (native)
22 silly fetchPackageMetaData  error for skycli/package.json { [Error: ENOENT: no such file or directory, open '/tmp/npm-7037-7bab3d62/unpack-2d778fb9/package.json']
22 silly fetchPackageMetaData   errno: -2,
22 silly fetchPackageMetaData   code: 'ENOENT',
22 silly fetchPackageMetaData   syscall: 'open',
22 silly fetchPackageMetaData   path: '/tmp/npm-7037-7bab3d62/unpack-2d778fb9/package.json' }
23 silly rollbackFailedOptional Starting
24 silly rollbackFailedOptional Finishing
25 silly runTopLevelLifecycles Starting
26 silly runTopLevelLifecycles Finishing
27 silly install printInstalled
28 verbose stack Error: ENOENT: no such file or directory, open '/tmp/npm-7037-7bab3d62/unpack-2d778fb9/package.json'
28 verbose stack     at Error (native)
29 verbose cwd /home/akash/Oursky
30 error Linux 4.4.0-116-generic
31 error argv "/usr/bin/nodejs" "/usr/bin/npm" "install" "skycli/package.json"
32 error node v4.2.6
33 error npm  v3.5.2
34 error path /tmp/npm-7037-7bab3d62/unpack-2d778fb9/package.json
35 error code ENOENT
36 error errno -2
37 error syscall open
38 error enoent ENOENT: no such file or directory, open '/tmp/npm-7037-7bab3d62/unpack-2d778fb9/package.json'
39 error enoent ENOENT: no such file or directory, open '/tmp/npm-7037-7bab3d62/unpack-2d778fb9/package.json'
39 error enoent This is most likely not a problem with npm itself
39 error enoent and is related to npm not being able to find a file.
40 verbose exit [ -2, true ]
